

*******************************************************************************
Fri Jun 28 16:08:15 2024


FIT:    data read from "Out.txt" using 1:4
        format = x:z
        #datapoints = 50
        residuals are weighted equally (unit weight)

function used for fitting: f(x)
	f(n) = a/n
fitted parameters initialized with current variable values

iter      chisq       delta/lim  lambda   a            
   0 4.6177993825e-04   0.00e+00  9.01e-04    1.000000e+00
   3 1.3035053510e-04  -3.91e-06  9.01e-07    3.856151e+00

After 3 iterations the fit converged.
final sum of squares of residuals : 0.000130351
rel. change during last iteration : -3.90862e-11

degrees of freedom    (FIT_NDF)                        : 49
rms of residuals      (FIT_STDFIT) = sqrt(WSSR/ndf)    : 0.00163102
variance of residuals (reduced chisquare) = WSSR/ndf   : 2.66022e-06

Final set of parameters            Asymptotic Standard Error
=======================            ==========================
a               = 3.85615          +/- 0.2559       (6.636%)
