

*******************************************************************************
Sat Jun 15 13:30:23 2024


FIT:    data read from "Out.txt"
        format = z
        #datapoints = 30
        residuals are weighted equally (unit weight)

function used for fitting: f(x)
	f(x) = a*x*x*x
fitted parameters initialized with current variable values

iter      chisq       delta/lim  lambda   a            
   0 3.0359757348e+15   0.00e+00  1.08e+07    1.000000e+00
   4 4.9738436362e+09  -7.67e-11  1.08e+03    6.876990e-02

After 4 iterations the fit converged.
final sum of squares of residuals : 4.97384e+09
rel. change during last iteration : -7.66952e-16

degrees of freedom    (FIT_NDF)                        : 29
rms of residuals      (FIT_STDFIT) = sqrt(WSSR/ndf)    : 13096.3
variance of residuals (reduced chisquare) = WSSR/ndf   : 1.71512e+08

Final set of parameters            Asymptotic Standard Error
=======================            ==========================
a               = 0.0687699        +/- 0.0002213    (0.3219%)


*******************************************************************************
Sat Jun 15 13:33:49 2024


FIT:    data read from "Out.txt"
        format = z
        #datapoints = 30
        residuals are weighted equally (unit weight)

function used for fitting: f(x)
	f(x) = a*x*x*x
fitted parameters initialized with current variable values

iter      chisq       delta/lim  lambda   a            
   0 3.0359757348e+15   0.00e+00  1.08e+07    1.000000e+00
   4 4.9738436362e+09  -7.67e-11  1.08e+03    6.876990e-02

After 4 iterations the fit converged.
final sum of squares of residuals : 4.97384e+09
rel. change during last iteration : -7.66952e-16

degrees of freedom    (FIT_NDF)                        : 29
rms of residuals      (FIT_STDFIT) = sqrt(WSSR/ndf)    : 13096.3
variance of residuals (reduced chisquare) = WSSR/ndf   : 1.71512e+08

Final set of parameters            Asymptotic Standard Error
=======================            ==========================
a               = 0.0687699        +/- 0.0002213    (0.3219%)
